Invocation: bin/yask.sh -stencil iso3dfd -g 256
==> bin/../build/yask_kernel.iso3dfd.intel64.make-report.txt <==
MAKEFLAGS="w -j -- YASK_OUTPUT_DIR=/global/home/users/jyoung/git_repos/yask_bf/yask stencil=iso3dfd"
make[2]: Entering directory '/global/home/users/jyoung/git_repos/yask_bf/yask/src/kernel'
Build environment for /global/home/users/jyoung/git_repos/yask_bf/yask/bin/yask_kernel.iso3dfd.intel64.exe on Sun Sep 26 18:23:09 PDT 2021
TARGET=intel64
BLOCK_LOOP_CODE=" loop(1 .. N-1) {  call(calc_mini_block(region_thread_idx, bp, region_shift_num, nphases, phase, nshapes, shape, bridge_mask, rank_idxs, region_idxs, block_idxs)); }"
BLOCK_LOOP_INNER_MODS=""
BLOCK_LOOP_OPTS="-ndims 4 -inVar adj_block_idxs"
BLOCK_LOOP_ORDER="1 .. N-1"
BLOCK_LOOP_OUTER_MODS=""
BLOCK_LOOP_OUTER_VARS=""
DEF_ARGS=""
EXTRA_MACROS=""
EXTRA_YC_FLAGS=""
EXTRA_YK_CXXFLAGS=""
ISA=
MACROS="YK_CODE_FILE=/global/home/users/jyoung/git_repos/yask_bf/yask/build/kernel/yask_kernel.iso3dfd.intel64/gen/yask_stencil_code.hpp USE_NUMA USE_NUMAIF_H ALLOW_NEW_VARS=1 USE_MPI NO_SVML"
MINI_BLOCK_LOOP_CODE=" omp loop(1 .. N-1) {  call(CALC_SUB_BLOCK); }"
MINI_BLOCK_LOOP_INNER_MODS=""
MINI_BLOCK_LOOP_OPTS="-ndims 4 -inVar adj_mb_idxs -ompConstruct 'omp for schedule(static,1) nowait'"
MINI_BLOCK_LOOP_ORDER="1 .. N-1"
MINI_BLOCK_LOOP_OUTER_MODS=""
MINI_BLOCK_LOOP_OUTER_VARS=""
MISC_LOOP_CODE=" omp loop(1 .. N-1) {  call(MISC_FN); }"
MISC_LOOP_INNER_MODS=""
MISC_LOOP_OPTS="-ndims 4 -inVar misc_idxs -ompConstruct 'omp parallel for schedule(guided) proc_bind(spread)'"
MISC_LOOP_ORDER="1 .. N-1"
MISC_LOOP_OUTER_MODS=""
MISC_LOOP_OUTER_VARS=""
OMPFLAGS="-fopenmp"
RANK_LOOP_CODE=" loop(1 .. N-1) {  call(calc_region(bp)); }"
RANK_LOOP_INNER_MODS=""
RANK_LOOP_OPTS="-ndims 4 -inVar rank_idxs"
RANK_LOOP_ORDER="1 .. N-1"
RANK_LOOP_OUTER_MODS=""
RANK_LOOP_OUTER_VARS=""
REGION_LOOP_CODE=" omp loop(1 .. N-1) {  call(calc_block(bp, region_shift_num, nphases, phase, rank_idxs)); }"
REGION_LOOP_INNER_MODS=""
REGION_LOOP_OPTS="-ndims 4 -inVar region_idxs -ompConstruct 'omp parallel for schedule(dynamic,1) proc_bind(spread)'"
REGION_LOOP_ORDER="1 .. N-1"
REGION_LOOP_OUTER_MODS=""
REGION_LOOP_OUTER_VARS=""
SUB_BLOCK_LOOP_CODE=" loop(1 .. N-2) {  call(CALC_INNER_LOOP); }"
SUB_BLOCK_LOOP_INNER_MODS=""
SUB_BLOCK_LOOP_INNER_VARS=""
SUB_BLOCK_LOOP_OPTS="-ndims 4 -inVar norm_sub_block_idxs"
SUB_BLOCK_LOOP_ORDER="1 .. N-2"
SUB_BLOCK_LOOP_OUTER_MODS=""
SUB_BLOCK_LOOP_OUTER_VARS=""
YASK_OUTPUT_DIR=/global/home/users/jyoung/git_repos/yask_bf/yask
YC_FLAGS="-stencil iso3dfd -target intel64 -elem-bytes 4"
YC_STENCIL=iso3dfd
YC_TARGET=intel64
YK_ARCH=intel64
YK_BASE=yask_kernel
YK_CXX=mpic++
YK_CXXFLAGS="-g -std=c++11 -Wall -I/global/home/users/jyoung/git_repos/yask_bf/yask/include -I/global/home/users/jyoung/git_repos/yask_bf/yask/include/aux -I/global/home/users/jyoung/git_repos/yask_bf/yask/src/kernel/lib -I/global/home/users/jyoung/git_repos/yask_bf/yask/src/common -I/global/home/users/jyoung/git_repos/yask_bf/yask/src/contrib/coefficients -I/global/home/users/jyoung/git_repos/yask_bf/yask/build/kernel/yask_kernel.iso3dfd.intel64/gen -march=native -Wno-unknown-pragmas -Wno-unused-variable -Wno-unused-but-set-variable -O3 -fopenmp -DYK_CODE_FILE=/global/home/users/jyoung/git_repos/yask_bf/yask/build/kernel/yask_kernel.iso3dfd.intel64/gen/yask_stencil_code.hpp -DUSE_NUMA -DUSE_NUMAIF_H -DALLOW_NEW_VARS=1 -DUSE_MPI -DNO_SVML "
YK_CXXOPT=-O3
YK_EXT_TAG=
YK_STENCIL=iso3dfd
YK_TAG=iso3dfd.intel64
arch=intel64
cluster=
fold=
omp_block_schedule=static,1
omp_misc_schedule=guided
omp_region_schedule=dynamic,1
pfd_l1=
pfd_l2=
radius=
real_bytes=4
stencil=iso3dfd
streaming_stores=0
git status
On branch bf2
Your branch is up to date with 'origin/bf2'.

Changes not staged for commit:
  (use "git add <file>..." to update what will be committed)
  (use "git restore <file>..." to discard changes in working directory)
	modified:   ../../README_bf.md

Untracked files:
  (use "git add <file>..." to include in what will be committed)
	../../bin/
	../../build/
	../../compile.out
	../../lib/
	../compiler/lib/.YaskKernel.cpp.swp

no changes added to commit (use "git add" and/or "git commit -a")
uname -a
Linux thor-bf13.hpcadvisorycouncil.com 5.4.0-1008-bluefield #11-Ubuntu SMP PREEMPT Fri Mar 5 13:59:26 UTC 2021 aarch64 aarch64 aarch64 GNU/Linux
mpic++ --version
g++ (GCC) 8.4.1 20200928 (Red Hat 8.4.1-1)
Copyright (C) 2018 Free Software Foundation, Inc.
This is free software; see the source for copying conditions.  There is NO
warranty; not even for MERCHANTABILITY or FITNESS FOR A PARTICULAR PURPOSE.

make[2]: Leaving directory '/global/home/users/jyoung/git_repos/yask_bf/yask/src/kernel'
==> bin/../build/yask_kernel.iso3dfd.intel64.yask_compiler-report.txt <==
YASK -- Yet Another Stencil Kit
YASK Stencil Compiler Utility
Copyright (c) 2014-2020, Intel Corporation.
Version: 3.05.06
Stencil-solution name: iso3dfd
Stencil radius: 8
Stencil-solution description: iso3dfd radius 8
Output target: intel64
Num vars defined: 2
Num equations defined: 1
Var: p(t, x, y, z)
Var: v(x, y, z)
Step dimension: t
Domain dimension(s): x, y, z
 Number of SIMD elements: 1
 No explicitly-requested vector-folding.
 Vector-fold dimension(s) and point-size(s): x=1 * y=1 * z=1
 Cluster dimension(s) and multiplier(s): x=1 * y=1 * z=1
 Cluster dimension(s) and point-size(s): x=1 * y=1 * z=1
No misc dimensions used

Processing 1 stencil equation(s)...
Analyzing for dependencies...
Finding transitive closure of dependencies...
Topologically ordering equations...

Partitioning 1 equation(s) into bundles...
Collapsing dependencies from equations and finding transitive closure...
Topologically ordering bundles...
Created 1 equation bundle(s):
 equation-bundle 'stencil_bundle_0' w/o domain condition w/o step condition:
  Contains 1 equation(s).
  Updates the following var(s): p.
Stats across 1 equation-bundle(s):
 Expression stats for scalar & vector equation-bundle(s):
  84 node(s).
  0 node pair(s).
  52 var read(s).
  1 var write(s).
  61 FP math operation(s).
 Expression stats after applying common subexpr elimination to scalar & vector equation-bundle(s):
  83 node(s).
  0 node pair(s).
  51 var read(s).
  1 var write(s).
  61 FP math operation(s).
 No changes after applying commutative recombination to scalar & vector equation-bundle(s).
 No changes after applying common subexpr elimination to scalar & vector equation-bundle(s).
 No changes after applying function pairing to scalar & vector equation-bundle(s).

Partitioning 1 bundle(s) into stages...
Collapsing dependencies from bundles and finding transitive closure...
Topologically ordering stages...
Created 1 equation stage(s):
 equation bundle-stage 'stencil_stage_0' w/o step condition:
  Contains 1 bundle(s): stencil_bundle_0.
  Updates the following var(s): p.

Constructing cluster of equations containing 1 vector(s)...
Stats across 1 equation-bundle(s):
 Expression stats for cluster equation-bundle(s):
  84 node(s).
  0 node pair(s).
  52 var read(s).
  1 var write(s).
  61 FP math operation(s).
 Expression stats after applying common subexpr elimination to cluster equation-bundle(s):
  83 node(s).
  0 node pair(s).
  51 var read(s).
  1 var write(s).
  61 FP math operation(s).
 No changes after applying commutative recombination to cluster equation-bundle(s).
 No changes after applying common subexpr elimination to cluster equation-bundle(s).
 No changes after applying function pairing to cluster equation-bundle(s).

Generating 'intel64' output...
YASK Stencil Compiler: done.
===================
+ cd /global/home/users/jyoung/git_repos/yask_bf/yask
+ ulimit -s unlimited
+ sleep 1
+ uptime
 18:50:22 up 31 days,  8:03,  2 users,  load average: 0.40, 0.33, 0.44
+ lscpu
Architecture:        aarch64
Byte Order:          Little Endian
CPU(s):              8
On-line CPU(s) list: 0-7
Thread(s) per core:  1
Core(s) per socket:  8
Socket(s):           1
NUMA node(s):        1
Vendor ID:           ARM
Model:               0
Model name:          Cortex-A72
Stepping:            r1p0
BogoMIPS:            400.00
L1d cache:           32K
L1i cache:           48K
L2 cache:            1024K
L3 cache:            6144K
NUMA node0 CPU(s):   0-7
Flags:               fp asimd evtstrm crc32 cpuid
+ cpuinfo -A
sh: cpuinfo: command not found
+ sed '/^$/q' /proc/cpuinfo
processor	: 0
BogoMIPS	: 400.00
Features	: fp asimd evtstrm crc32 cpuid
CPU implementer	: 0x41
CPU architecture: 8
CPU variant	: 0x1
CPU part	: 0xd08
CPU revision	: 0

+ cpupower frequency-info
analyzing CPU 0:
  no or unknown cpufreq driver is active on this CPU
  CPUs which run at the same hardware frequency: Not Available
  CPUs which need to have their frequency coordinated by software: Not Available
  maximum transition latency:  Cannot determine or is not supported.
Not Available
  available cpufreq governors: Not Available
  Unable to determine current policy
  current CPU frequency: Unable to call hardware
  current CPU frequency:  Unable to call to kernel
+ uname -a
Linux thor-bf13.hpcadvisorycouncil.com 5.4.0-1008-bluefield #11-Ubuntu SMP PREEMPT Fri Mar 5 13:59:26 UTC 2021 aarch64 aarch64 aarch64 GNU/Linux
+ head -v -n -0 /etc/system-release
==> /etc/system-release <==
Rocky Linux release 8.4 (Green Obsidian)
+ head -v -n -0 /proc/cmdline
==> /proc/cmdline <==
kernel ro initrd=initfs.gz wwhostname=thor-bf13.hpcadvisorycouncil.com console=ttyAMA0 console=ttyAMA1 console=hvc0 console=tty0 console=ttyS0,115200 wwmaster=192.168.0.1 wwipaddr=192.168.3.113 wwnetmask=255.255.224.0 wwnetdev=eth0 wwhwaddr=b8:ce:f6:9f:9e:0c wwgateway=192.168.0.11
+ head -v -n -0 /proc/meminfo
==> /proc/meminfo <==
MemTotal:       16342236 kB
MemFree:        11584160 kB
MemAvailable:   11508984 kB
Buffers:               0 kB
Cached:          3881044 kB
SwapCached:            0 kB
Active:          1829108 kB
Inactive:        2109916 kB
Active(anon):    1820348 kB
Inactive(anon):  2092920 kB
Active(file):       8760 kB
Inactive(file):    16996 kB
Unevictable:           0 kB
Mlocked:               0 kB
SwapTotal:             0 kB
SwapFree:              0 kB
Dirty:                 8 kB
Writeback:             0 kB
AnonPages:         57964 kB
Mapped:            74448 kB
Shmem:           3855284 kB
KReclaimable:      91436 kB
Slab:             354688 kB
SReclaimable:      91436 kB
SUnreclaim:       263252 kB
KernelStack:        4056 kB
PageTables:         1972 kB
NFS_Unstable:          0 kB
Bounce:                0 kB
WritebackTmp:          0 kB
CommitLimit:     8171116 kB
Committed_AS:    4087412 kB
VmallocTotal:   135290159040 kB
VmallocUsed:       17796 kB
VmallocChunk:          0 kB
Percpu:             7072 kB
HardwareCorrupted:     0 kB
AnonHugePages:         0 kB
ShmemHugePages:        0 kB
ShmemPmdMapped:        0 kB
FileHugePages:         0 kB
FilePmdMapped:         0 kB
CmaTotal:          32768 kB
CmaFree:           29264 kB
HugePages_Total:       0
HugePages_Free:        0
HugePages_Rsvd:        0
HugePages_Surp:        0
Hugepagesize:       2048 kB
Hugetlb:               0 kB
+ free -gt
              total        used        free      shared  buff/cache   available
Mem:             15           0          11           3           3          10
Swap:             0           0           0
Total:           15           0          11
+ numactl -H
available: 1 nodes (0)
node 0 cpus: 0 1 2 3 4 5 6 7
node 0 size: 15959 MB
node 0 free: 11312 MB
node distances:
node   0 
  0:  10 
+ ulimit -a
core file size          (blocks, -c) 0
data seg size           (kbytes, -d) unlimited
scheduling priority             (-e) 0
file size               (blocks, -f) unlimited
pending signals                 (-i) 63668
max locked memory       (kbytes, -l) unlimited
max memory size         (kbytes, -m) unlimited
open files                      (-n) 4096
pipe size            (512 bytes, -p) 8
POSIX message queues     (bytes, -q) 819200
real-time priority              (-r) 0
stack size              (kbytes, -s) unlimited
cpu time               (seconds, -t) unlimited
max user processes              (-u) 4096
virtual memory          (kbytes, -v) unlimited
file locks                      (-x) unlimited
+ ldd bin/yask_kernel.iso3dfd.intel64.exe
	linux-vdso.so.1 (0x000040002bf16000)
	libyask_kernel.iso3dfd.intel64.so => /global/home/users/jyoung/git_repos/yask_bf/yask/lib/libyask_kernel.iso3dfd.intel64.so (0x000040002bf34000)
	librt.so.1 => /lib64/librt.so.1 (0x000040002c035000)
	libnuma.so.1 => /lib64/libnuma.so.1 (0x000040002c056000)
	libmpi.so.40 => /global/home/users/jyoung/compilers/hpcx-v2.9.0-gcc-MLNX_OFED_LINUX-5.4-1.0.3.0-ubuntu20.04-aarch64/ompi/lib/libmpi.so.40 (0x000040002c07b000)
	libstdc++.so.6 => /lib64/libstdc++.so.6 (0x000040002c19d000)
	libm.so.6 => /lib64/libm.so.6 (0x000040002c341000)
	libgomp.so.1 => /lib64/libgomp.so.1 (0x000040002c402000)
	libgcc_s.so.1 => /lib64/libgcc_s.so.1 (0x000040002c453000)
	libpthread.so.0 => /lib64/libpthread.so.0 (0x000040002c484000)
	libc.so.6 => /lib64/libc.so.6 (0x000040002c4b9000)
	/lib/ld-linux-aarch64.so.1 (0x000040002bef2000)
	libopen-rte.so.40 => /global/home/users/jyoung/compilers/hpcx-v2.9.0-gcc-MLNX_OFED_LINUX-5.4-1.0.3.0-ubuntu20.04-aarch64/ompi/lib/libopen-rte.so.40 (0x000040002c62e000)
	libopen-pal.so.40 => /global/home/users/jyoung/compilers/hpcx-v2.9.0-gcc-MLNX_OFED_LINUX-5.4-1.0.3.0-ubuntu20.04-aarch64/ompi/lib/libopen-pal.so.40 (0x000040002c704000)
	libdl.so.2 => /lib64/libdl.so.2 (0x000040002c821000)
	libudev.so.1 => /lib64/libudev.so.1 (0x000040002c842000)
	libutil.so.1 => /lib64/libutil.so.1 (0x000040002c8e3000)
	libz.so.1 => /lib64/libz.so.1 (0x000040002c904000)
	libmount.so.1 => /lib64/libmount.so.1 (0x000040002c935000)
	libblkid.so.1 => /lib64/libblkid.so.1 (0x000040002c9a7000)
	libuuid.so.1 => /lib64/libuuid.so.1 (0x000040002ca19000)
	libselinux.so.1 => /lib64/libselinux.so.1 (0x000040002ca3a000)
	libpcre2-8.so.0 => /lib64/libpcre2-8.so.0 (0x000040002ca7d000)
+ date
Sun Sep 26 18:50:22 PDT 2021
+ true
+ env OMP_DISPLAY_ENV=VERBOSE KMP_VERSION=1 I_MPI_PRINT_VERSION=1 I_MPI_DEBUG=5 LD_LIBRARY_PATH=./lib:/global/home/users/jyoung/compilers/hpcx-v2.9.0-gcc-MLNX_OFED_LINUX-5.4-1.0.3.0-ubuntu20.04-aarch64/ompi/lib:/global/home/users/jyoung/compilers/hpcx-v2.9.0-gcc-MLNX_OFED_LINUX-5.4-1.0.3.0-ubuntu20.04-aarch64/sharp/lib:/global/home/users/jyoung/compilers/hpcx-v2.9.0-gcc-MLNX_OFED_LINUX-5.4-1.0.3.0-ubuntu20.04-aarch64/hcoll/lib:/global/home/users/jyoung/compilers/hpcx-v2.9.0-gcc-MLNX_OFED_LINUX-5.4-1.0.3.0-ubuntu20.04-aarch64/ucx/mt/lib/ucx:/global/home/users/jyoung/compilers/hpcx-v2.9.0-gcc-MLNX_OFED_LINUX-5.4-1.0.3.0-ubuntu20.04-aarch64/ucx/mt/lib:/global/home/users/jyoung/lib bin/yask_kernel.iso3dfd.intel64.exe -g 256

OPENMP DISPLAY ENVIRONMENT BEGIN
  _OPENMP = '201511'
  OMP_DYNAMIC = 'FALSE'
  OMP_NESTED = 'FALSE'
  OMP_NUM_THREADS = '8'
  OMP_SCHEDULE = 'DYNAMIC'
  OMP_PROC_BIND = 'FALSE'
  OMP_PLACES = ''
  OMP_STACKSIZE = '0'
  OMP_WAIT_POLICY = 'PASSIVE'
  OMP_THREAD_LIMIT = '4294967295'
  OMP_MAX_ACTIVE_LEVELS = '2147483647'
  OMP_CANCELLATION = 'FALSE'
  OMP_DEFAULT_DEVICE = '0'
  OMP_MAX_TASK_PRIORITY = '0'
  OMP_DISPLAY_AFFINITY = 'FALSE'
  OMP_AFFINITY_FORMAT = 'level %L thread %i affinity %A'
  GOMP_CPU_AFFINITY = ''
  GOMP_STACKSIZE = '0'
  GOMP_SPINCOUNT = '300000'
OPENMP DISPLAY ENVIRONMENT END
 ┌────────────────────────────────────────────┐
 │     Y.A.S.K. ── Yet Another Stencil Kit    │
 │       https://github.com/intel/yask        │
 │ Copyright (c) 2014-2020, Intel Corporation │
 └────────────────────────────────────────────┘

Version: 3.05.06
Stencil name: iso3dfd
Binary invocation: bin/yask_kernel.iso3dfd.intel64.exe -g 256
PID: 678679

Num MPI ranks:            1
This MPI rank index:      0
Num OpenMP procs:         1
Num OpenMP threads avail: 8
Num OpenMP threads used:  8
  Num threads per region: 4
  Num threads per block:  2

Num vars: 2
Num vars to be updated: 1

Regions:
 In 'x' dimension, local-domain of size 256 contains 1 region(s) of size 256.
 In 'y' dimension, local-domain of size 256 contains 1 region(s) of size 256.
 In 'z' dimension, local-domain of size 256 contains 1 region(s) of size 256.
 num-regions-per-local-domain-per-step: 1
 Since the region size in the 't' dim is 0, temporal wave-front rank tiling is NOT enabled.

Blocks:
 In 'x' dimension, region of size 256 contains 5 block(s) of size 48 plus 1 remainder block of size 16.
 In 'y' dimension, region of size 256 contains 4 block(s) of size 64.
 In 'z' dimension, region of size 256 contains 2 block(s) of size 112 plus 1 remainder block of size 32.
 num-blocks-per-region-per-step: 72
 num-blocks-per-local-domain-per-step: 72
 Since the block size in the 't' dim is 0, temporal blocking is NOT enabled.

Mini-blocks:
 In 'x' dimension, block of size 48 contains 1 mini-block(s) of size 48.
 In 'y' dimension, block of size 64 contains 1 mini-block(s) of size 64.
 In 'z' dimension, block of size 112 contains 1 mini-block(s) of size 112.
 num-mini-blocks-per-block-per-step: 1
 num-mini-blocks-per-region-per-step: 72
 num-mini-blocks-per-local-domain-per-step: 72
 Since the mini-block size in the 't' dim is 0, temporal wave-front block tiling is NOT enabled.

Sub-blocks:
 In 'x' dimension, mini-block of size 48 contains 48 sub-block(s) of size 1.
 In 'y' dimension, mini-block of size 64 contains 1 sub-block(s) of size 64.
 In 'z' dimension, mini-block of size 112 contains 1 sub-block(s) of size 112.
 num-sub-blocks-per-mini-block-per-step: 48
 num-sub-blocks-per-block-per-step: 48
 num-sub-blocks-per-region-per-step: 3456
 num-sub-blocks-per-rank-per-step: 3456
Constructing bounding boxes for 1 stencil-bundles(s)...
Bounding-box construction done in 19.833u secs.
Allocating 223.282MiB for 2 var(s) preferring local NUMA node...
'p' 4-D var (t=2 * x=274 * y=274 * z=275) with storage at 0x400020000000 containing 157.516MiB (41.2918M SIMD FP element(s) of 4 byte(s) each) and meta-data at 0x194c4390
'v' 3-D var (x=258 * y=258 * z=259) with storage at 0x400029d84140 containing 65.7657MiB (17.2401M SIMD FP element(s) of 4 byte(s) each) and meta-data at 0x194c4b00
Allocation done in 127.551u secs.

Domain size in this rank (points):          16.7772M
Total allocation in this rank:              223.282MiB
Overall problem size in 1 rank(s) (points): 16.7772M
Total overall allocation in 1 rank(s):      223.282MiB

Work-unit sizes in points (from smallest to largest):
 vector-size:           x=1 * y=1 * z=1
 cluster-size:          x=1 * y=1 * z=1
 sub-block-size:        x=1 * y=64 * z=112
 mini-block-size:       t=0 * x=48 * y=64 * z=112
 block-size:            t=0 * x=48 * y=64 * z=112
 region-size:           t=0 * x=256 * y=256 * z=256
 local-domain-size:     x=256 * y=256 * z=256
 global-domain-size:    x=256 * y=256 * z=256

Other settings:
 yask-version:          3.05.06
 target:                intel64
 stencil-name:          iso3dfd
 stencil-description:   iso3dfd radius 8
 element-size:          4B
 local-domain:          x=0, y=0, z=0 ... x=255, y=255, z=255
 num-ranks:             x=1 * y=1 * z=1
 rank-indices:          x=0, y=0, z=0
 local-domain-offsets:  x=0, y=0, z=0
 mpi-interior:          x=0, y=0, z=0 ... x=255, y=255, z=255
 vector-len:            1
 extra-padding:         x=1, y=1, z=1
 minimum-padding:       x=0, y=0, z=0
 allow-addl-padding:    true
 L1-prefetch-distance:  0
 L2-prefetch-distance:  0
 max-halos:             x=8, y=8, z=8
 num-wave-front-steps:      0
 num-temporal-block-steps:  0

Num stages:             1
Num stencil bundles:    1
Num stencil equations:  1

Breakdown of work stats in this rank:
Stage 'stencil_stage_0':
 num bundles:                 1
 stage scope:                 x=0, y=0, z=0 ... x=255, y=255, z=255
 Bundle 'stencil_bundle_0':
  num reqd scratch bundles:   0
  bundle size (points):       16.7772M
  valid points in bundle:     16.7772M
  bundle scope:               x=0, y=0, z=0 ... x=255, y=255, z=255
  bundle bounding-box size:   x=256 * y=256 * z=256
  num full rectangles in box: 1
  var-reads per point:        51
  var-reads in rank:          855.638M
  var-writes per point:       1
  var-writes in rank:         16.7772M
  est FP-ops per point:       61
  est FP-ops in rank:         1.02341G
  num input-only domain vars:    1
  input-only domain vars:        v
  num output-only domain vars:   0
  num input-output domain vars:  1
  input-output domain vars:      p
  num input-only other vars:     0
  num output-only other vars:    0
  num input-output other vars:   0
Initializing vars...
Var initialization done in 503.282m secs.
Auto-tuning...
auto-tuner: finished warmup for 1 steps(s) in 1.06337 secs
auto-tuner: tuning block sizes...
auto-tuner: search-dist=8: 985.629m steps/sec (1 steps(s) in 1.01458 secs) with size x=48 * y=64 * z=112 -- best so far
auto-tuner: search-dist=8: 1.05097 steps/sec (1 steps(s) in 951.504m secs) with size x=48 * y=32 * z=80 -- best so far
auto-tuner: search-dist=8: 973.816m steps/sec (1 steps(s) in 1.02689 secs) with size x=16 * y=64 * z=80
auto-tuner: search-dist=8: 1.00176 steps/sec (1 steps(s) in 998.245m secs) with size x=48 * y=64 * z=80
auto-tuner: search-dist=8: 1.04026 steps/sec (1 steps(s) in 961.299m secs) with size x=80 * y=64 * z=80
auto-tuner: search-dist=8: 878.049m steps/sec (1 steps(s) in 1.13889 secs) with size x=48 * y=96 * z=80
auto-tuner: search-dist=8: 1.04998 steps/sec (1 steps(s) in 952.4m secs) with size x=16 * y=32 * z=112
auto-tuner: search-dist=8: 1.06513 steps/sec (1 steps(s) in 938.855m secs) with size x=48 * y=32 * z=112 -- best so far
auto-tuner: search-dist=8: 1.10825 steps/sec (1 steps(s) in 902.32m secs) with size x=80 * y=32 * z=112 -- best so far
auto-tuner: search-dist=8: 889.418m steps/sec (1 steps(s) in 1.12433 secs) with size x=16 * y=64 * z=112
auto-tuner: search-dist=8: 981.128m steps/sec (1 steps(s) in 1.01923 secs) with size x=80 * y=64 * z=112
auto-tuner: search-dist=8: 741.048m steps/sec (1 steps(s) in 1.34944 secs) with size x=16 * y=96 * z=112
auto-tuner: search-dist=8: 813.326m steps/sec (1 steps(s) in 1.22952 secs) with size x=48 * y=96 * z=112
auto-tuner: search-dist=8: 767.327m steps/sec (1 steps(s) in 1.30322 secs) with size x=80 * y=96 * z=112
auto-tuner: search-dist=8: 1.10969 steps/sec (1 steps(s) in 901.15m secs) with size x=48 * y=32 * z=144 -- best so far
auto-tuner: search-dist=8: 823.341m steps/sec (1 steps(s) in 1.21456 secs) with size x=16 * y=64 * z=144
auto-tuner: search-dist=8: 914.895m steps/sec (1 steps(s) in 1.09302 secs) with size x=48 * y=64 * z=144
auto-tuner: search-dist=8: 874.101m steps/sec (1 steps(s) in 1.14403 secs) with size x=80 * y=64 * z=144
auto-tuner: search-dist=8: 751.303m steps/sec (1 steps(s) in 1.33102 secs) with size x=48 * y=96 * z=144
auto-tuner: search-dist=8: 1.0059 steps/sec (1 steps(s) in 994.132m secs) with size x=16 * y=32 * z=144
auto-tuner: search-dist=8: 1.12402 steps/sec (1 steps(s) in 889.665m secs) with size x=80 * y=32 * z=144 -- best so far
auto-tuner: search-dist=8: 983.69m steps/sec (1 steps(s) in 1.01658 secs) with size x=16 * y=32 * z=176
auto-tuner: search-dist=8: 1.08823 steps/sec (1 steps(s) in 918.92m secs) with size x=48 * y=32 * z=176
auto-tuner: search-dist=8: 1.05764 steps/sec (1 steps(s) in 945.499m secs) with size x=80 * y=32 * z=176
auto-tuner: search-dist=8: 834.515m steps/sec (1 steps(s) in 1.1983 secs) with size x=48 * y=64 * z=176
auto-tuner: search-dist=8: 1.07937 steps/sec (1 steps(s) in 926.467m secs) with size x=112 * y=32 * z=112
auto-tuner: search-dist=8: 1.12905 steps/sec (1 steps(s) in 885.698m secs) with size x=112 * y=32 * z=144 -- best so far
auto-tuner: search-dist=8: 870.259m steps/sec (1 steps(s) in 1.14908 secs) with size x=112 * y=64 * z=144
auto-tuner: search-dist=8: 1.09541 steps/sec (1 steps(s) in 912.9m secs) with size x=112 * y=32 * z=176
auto-tuner: search-dist=8: 785.076m steps/sec (1 steps(s) in 1.27376 secs) with size x=80 * y=64 * z=176
auto-tuner: search-dist=8: 1.11188 steps/sec (1 steps(s) in 899.38m secs) with size x=144 * y=32 * z=112
auto-tuner: search-dist=8: 945.636m steps/sec (1 steps(s) in 1.05749 secs) with size x=112 * y=64 * z=112
auto-tuner: search-dist=8: 1.13426 steps/sec (1 steps(s) in 881.632m secs) with size x=144 * y=32 * z=144 -- best so far
auto-tuner: search-dist=8: 878.561m steps/sec (1 steps(s) in 1.13822 secs) with size x=144 * y=64 * z=144
auto-tuner: search-dist=8: 1.10016 steps/sec (1 steps(s) in 908.958m secs) with size x=144 * y=32 * z=176
auto-tuner: search-dist=8: 787.452m steps/sec (1 steps(s) in 1.26992 secs) with size x=112 * y=64 * z=176
auto-tuner: search-dist=8: 1.11051 steps/sec (1 steps(s) in 900.485m secs) with size x=176 * y=32 * z=112
auto-tuner: search-dist=8: 955.193m steps/sec (1 steps(s) in 1.04691 secs) with size x=144 * y=64 * z=112
auto-tuner: search-dist=8: 1.13352 steps/sec (1 steps(s) in 882.209m secs) with size x=176 * y=32 * z=144
auto-tuner: search-dist=8: 872.86m steps/sec (1 steps(s) in 1.14566 secs) with size x=176 * y=64 * z=144
auto-tuner: search-dist=8: 1.10006 steps/sec (1 steps(s) in 909.044m secs) with size x=176 * y=32 * z=176
auto-tuner: search-dist=8: 791.751m steps/sec (1 steps(s) in 1.26302 secs) with size x=144 * y=64 * z=176
auto-tuner: search-dist=4: 1.12692 steps/sec (1 steps(s) in 887.378m secs) with size x=144 * y=16 * z=128
auto-tuner: search-dist=4: 1.10615 steps/sec (1 steps(s) in 904.04m secs) with size x=128 * y=32 * z=128
auto-tuner: search-dist=4: 1.14556 steps/sec (1 steps(s) in 872.937m secs) with size x=144 * y=32 * z=128 -- best so far
auto-tuner: search-dist=4: 1.11779 steps/sec (1 steps(s) in 894.625m secs) with size x=160 * y=32 * z=128
auto-tuner: search-dist=4: 1.08646 steps/sec (1 steps(s) in 920.422m secs) with size x=144 * y=48 * z=128
auto-tuner: search-dist=4: 1.10131 steps/sec (1 steps(s) in 908.011m secs) with size x=128 * y=16 * z=144
auto-tuner: search-dist=4: 1.12518 steps/sec (1 steps(s) in 888.743m secs) with size x=144 * y=16 * z=144
auto-tuner: search-dist=4: 1.10558 steps/sec (1 steps(s) in 904.504m secs) with size x=160 * y=16 * z=144
auto-tuner: search-dist=4: 1.12893 steps/sec (1 steps(s) in 885.796m secs) with size x=128 * y=32 * z=144
auto-tuner: search-dist=4: 1.09909 steps/sec (1 steps(s) in 909.846m secs) with size x=160 * y=32 * z=144
auto-tuner: search-dist=4: 1.06337 steps/sec (1 steps(s) in 940.406m secs) with size x=128 * y=48 * z=144
auto-tuner: search-dist=4: 1.02442 steps/sec (1 steps(s) in 976.163m secs) with size x=144 * y=48 * z=144
auto-tuner: search-dist=4: 1.06139 steps/sec (1 steps(s) in 942.164m secs) with size x=160 * y=48 * z=144
auto-tuner: search-dist=4: 1.09484 steps/sec (1 steps(s) in 913.372m secs) with size x=144 * y=16 * z=160
auto-tuner: search-dist=4: 1.11512 steps/sec (1 steps(s) in 896.767m secs) with size x=128 * y=32 * z=160
auto-tuner: search-dist=4: 1.08304 steps/sec (1 steps(s) in 923.327m secs) with size x=144 * y=32 * z=160
auto-tuner: search-dist=4: 1.11625 steps/sec (1 steps(s) in 895.856m secs) with size x=160 * y=32 * z=160
auto-tuner: search-dist=4: 991.603m steps/sec (1 steps(s) in 1.00847 secs) with size x=144 * y=48 * z=160
auto-tuner: search-dist=4: 1.10481 steps/sec (1 steps(s) in 905.132m secs) with size x=144 * y=16 * z=112
auto-tuner: search-dist=4: 1.08474 steps/sec (1 steps(s) in 921.877m secs) with size x=128 * y=32 * z=112
auto-tuner: search-dist=4: 1.11669 steps/sec (1 steps(s) in 895.508m secs) with size x=160 * y=32 * z=112
auto-tuner: search-dist=4: 1.04519 steps/sec (1 steps(s) in 956.763m secs) with size x=144 * y=48 * z=112
auto-tuner: search-dist=4: 1.13277 steps/sec (1 steps(s) in 882.791m secs) with size x=128 * y=16 * z=128
auto-tuner: search-dist=4: 1.10256 steps/sec (1 steps(s) in 906.977m secs) with size x=160 * y=16 * z=128
auto-tuner: search-dist=4: 1.08427 steps/sec (1 steps(s) in 922.282m secs) with size x=128 * y=48 * z=128
auto-tuner: search-dist=4: 1.04317 steps/sec (1 steps(s) in 958.62m secs) with size x=160 * y=48 * z=128
auto-tuner: search-dist=2: 1.09645 steps/sec (1 steps(s) in 912.032m secs) with size x=144 * y=24 * z=120
auto-tuner: search-dist=2: 1.06288 steps/sec (1 steps(s) in 940.844m secs) with size x=136 * y=32 * z=120
auto-tuner: search-dist=2: 1.0935 steps/sec (1 steps(s) in 914.493m secs) with size x=144 * y=32 * z=120
auto-tuner: search-dist=2: 1.06352 steps/sec (1 steps(s) in 940.274m secs) with size x=152 * y=32 * z=120
auto-tuner: search-dist=2: 1.07438 steps/sec (1 steps(s) in 930.771m secs) with size x=144 * y=40 * z=120
auto-tuner: search-dist=2: 1.10577 steps/sec (1 steps(s) in 904.349m secs) with size x=136 * y=24 * z=128
auto-tuner: search-dist=2: 1.13434 steps/sec (1 steps(s) in 881.571m secs) with size x=144 * y=24 * z=128
auto-tuner: search-dist=2: 1.10644 steps/sec (1 steps(s) in 903.801m secs) with size x=152 * y=24 * z=128
auto-tuner: search-dist=2: 1.12662 steps/sec (1 steps(s) in 887.611m secs) with size x=136 * y=32 * z=128
auto-tuner: search-dist=2: 1.09279 steps/sec (1 steps(s) in 915.088m secs) with size x=152 * y=32 * z=128
auto-tuner: search-dist=2: 1.10838 steps/sec (1 steps(s) in 902.219m secs) with size x=136 * y=40 * z=128
auto-tuner: search-dist=2: 1.07495 steps/sec (1 steps(s) in 930.275m secs) with size x=144 * y=40 * z=128
auto-tuner: search-dist=2: 1.11547 steps/sec (1 steps(s) in 896.481m secs) with size x=152 * y=40 * z=128
auto-tuner: search-dist=2: 1.10765 steps/sec (1 steps(s) in 902.813m secs) with size x=144 * y=24 * z=136
auto-tuner: search-dist=2: 1.13353 steps/sec (1 steps(s) in 882.201m secs) with size x=136 * y=32 * z=136
auto-tuner: search-dist=2: 1.09542 steps/sec (1 steps(s) in 912.895m secs) with size x=144 * y=32 * z=136
auto-tuner: search-dist=2: 1.12523 steps/sec (1 steps(s) in 888.71m secs) with size x=152 * y=32 * z=136
auto-tuner: search-dist=2: 1.06308 steps/sec (1 steps(s) in 940.661m secs) with size x=144 * y=40 * z=136
auto-tuner: search-dist=1: 1.09361 steps/sec (1 steps(s) in 914.4m secs) with size x=144 * y=28 * z=124
auto-tuner: search-dist=1: 1.06345 steps/sec (1 steps(s) in 940.34m secs) with size x=140 * y=32 * z=124
auto-tuner: search-dist=1: 1.09063 steps/sec (1 steps(s) in 916.905m secs) with size x=144 * y=32 * z=124
auto-tuner: search-dist=1: 1.06467 steps/sec (1 steps(s) in 939.26m secs) with size x=148 * y=32 * z=124
auto-tuner: search-dist=1: 1.0784 steps/sec (1 steps(s) in 927.299m secs) with size x=144 * y=36 * z=124
auto-tuner: search-dist=1: 1.11558 steps/sec (1 steps(s) in 896.399m secs) with size x=140 * y=28 * z=128
auto-tuner: search-dist=1: 1.14521 steps/sec (1 steps(s) in 873.2m secs) with size x=144 * y=28 * z=128
auto-tuner: search-dist=1: 1.11081 steps/sec (1 steps(s) in 900.247m secs) with size x=148 * y=28 * z=128
auto-tuner: search-dist=1: 1.15022 steps/sec (1 steps(s) in 869.401m secs) with size x=140 * y=32 * z=128 -- best so far
auto-tuner: search-dist=1: 1.11789 steps/sec (1 steps(s) in 894.54m secs) with size x=148 * y=32 * z=128
auto-tuner: search-dist=1: 1.13209 steps/sec (1 steps(s) in 883.321m secs) with size x=140 * y=36 * z=128
auto-tuner: search-dist=1: 1.09384 steps/sec (1 steps(s) in 914.208m secs) with size x=144 * y=36 * z=128
auto-tuner: search-dist=1: 1.12527 steps/sec (1 steps(s) in 888.676m secs) with size x=148 * y=36 * z=128
auto-tuner: search-dist=1: 1.1041 steps/sec (1 steps(s) in 905.712m secs) with size x=144 * y=28 * z=132
auto-tuner: search-dist=1: 1.13446 steps/sec (1 steps(s) in 881.478m secs) with size x=140 * y=32 * z=132
auto-tuner: search-dist=1: 1.10604 steps/sec (1 steps(s) in 904.124m secs) with size x=144 * y=32 * z=132
auto-tuner: search-dist=1: 1.14017 steps/sec (1 steps(s) in 877.059m secs) with size x=148 * y=32 * z=132
auto-tuner: search-dist=1: 1.08523 steps/sec (1 steps(s) in 921.46m secs) with size x=144 * y=36 * z=132
auto-tuner: search-dist=1: 1.09389 steps/sec (1 steps(s) in 914.17m secs) with size x=140 * y=28 * z=124
auto-tuner: search-dist=1: 1.06124 steps/sec (1 steps(s) in 942.297m secs) with size x=136 * y=32 * z=124
auto-tuner: search-dist=1: 1.0763 steps/sec (1 steps(s) in 929.113m secs) with size x=140 * y=36 * z=124
auto-tuner: search-dist=1: 1.10678 steps/sec (1 steps(s) in 903.518m secs) with size x=136 * y=28 * z=128
auto-tuner: search-dist=1: 1.12487 steps/sec (1 steps(s) in 888.988m secs) with size x=136 * y=36 * z=128
auto-tuner: search-dist=1: 1.10545 steps/sec (1 steps(s) in 904.611m secs) with size x=140 * y=28 * z=132
auto-tuner: search-dist=1: 1.14109 steps/sec (1 steps(s) in 876.356m secs) with size x=136 * y=32 * z=132
auto-tuner: search-dist=1: 1.08388 steps/sec (1 steps(s) in 922.612m secs) with size x=140 * y=36 * z=132
auto-tuner: applying size t=0 * x=140 * y=32 * z=128
auto-tuner: done
Waiting for auto-tuner to converge on all ranks...
Auto-tuner done after 113 step(s) in 108.828 secs.
auto-tuner: best-block-size: x=140 * y=32 * z=128
auto-tuner: mini-block-size: x=140 * y=32 * z=128
auto-tuner: sub-block-size: x=1 * y=32 * z=128
 num-wave-front-steps:      0
 num-temporal-block-steps:  0

──────────────────────────────────────────────────────────────────────
Running 1 step(s) for warm-up...
  Done in 907.507m secs.
Running 1 step(s) for calibration...
  Done in 900.529m secs.
Running 2 step(s) for calibration...
  Done in 1.76633 secs.

──────────────────────────────────────────────────────────────────────
Running 3 performance trial(s) of 12 step(s) each...
──────────────────────────────────────────────────────────────────────
Trial number:                      1

Work stats:
 num-steps-done:                   12
 num-reads-per-step:               855.638M
 num-writes-per-step:              16.7772M
 num-est-FP-ops-per-step:          1.02341G
 num-points-per-step:              16.7772M

Time stats:
 elapsed-time (sec):               10.6038
 Time breakdown by activity type:
  compute time (sec):                10.6037 (99.998459%)
  halo exchange time (sec):          0 (0.000000%)
  other time (sec):                  163.107u (0.001538%)
 Compute-time breakdown by halo area:
  rank-exterior compute (sec):       0 (0.000000%)
  rank-interior compute (sec):       10.6037 (100.000000%)
 Halo-time breakdown:
  MPI waits (sec):                   0
  MPI tests (sec):                   0
  packing, unpacking, etc. (sec):    0

Rate stats:
 throughput (num-reads/sec):       968.297M
 throughput (num-writes/sec):      18.9862M
 throughput (est-FLOPS):           1.15816G
 throughput (num-points/sec):      18.9862M
──────────────────────────────────────────────────────────────────────
Trial number:                      2

Work stats:
 num-steps-done:                   12
 num-reads-per-step:               855.638M
 num-writes-per-step:              16.7772M
 num-est-FP-ops-per-step:          1.02341G
 num-points-per-step:              16.7772M

Time stats:
 elapsed-time (sec):               10.5926
 Time breakdown by activity type:
  compute time (sec):                10.5924 (99.998383%)
  halo exchange time (sec):          0 (0.000000%)
  other time (sec):                  171.047u (0.001615%)
 Compute-time breakdown by halo area:
  rank-exterior compute (sec):       0 (0.000000%)
  rank-interior compute (sec):       10.5924 (100.000000%)
 Halo-time breakdown:
  MPI waits (sec):                   0
  MPI tests (sec):                   0
  packing, unpacking, etc. (sec):    0

Rate stats:
 throughput (num-reads/sec):       969.324M
 throughput (num-writes/sec):      19.0063M
 throughput (est-FLOPS):           1.15939G
 throughput (num-points/sec):      19.0063M
──────────────────────────────────────────────────────────────────────
Trial number:                      3

Work stats:
 num-steps-done:                   12
 num-reads-per-step:               855.638M
 num-writes-per-step:              16.7772M
 num-est-FP-ops-per-step:          1.02341G
 num-points-per-step:              16.7772M

Time stats:
 elapsed-time (sec):               10.6149
 Time breakdown by activity type:
  compute time (sec):                10.6148 (99.998344%)
  halo exchange time (sec):          0 (0.000000%)
  other time (sec):                  175.773u (0.001656%)
 Compute-time breakdown by halo area:
  rank-exterior compute (sec):       0 (0.000000%)
  rank-interior compute (sec):       10.6148 (100.000000%)
 Halo-time breakdown:
  MPI waits (sec):                   0
  MPI tests (sec):                   0
  packing, unpacking, etc. (sec):    0

Rate stats:
 throughput (num-reads/sec):       967.285M
 throughput (num-writes/sec):      18.9664M
 throughput (est-FLOPS):           1.15695G
 throughput (num-points/sec):      18.9664M
──────────────────────────────────────────────────────────────────────
Performance stats of best trial:
 best-num-steps-done:              12
 best-elapsed-time (sec):          10.5926
 best-throughput (num-reads/sec):  969.324M
 best-throughput (num-writes/sec): 19.0063M
 best-throughput (est-FLOPS):      1.15939G
 best-throughput (num-points/sec): 19.0063M
──────────────────────────────────────────────────────────────────────
Performance stats of 50th-percentile trial:
 mid-num-steps-done:               12
 mid-elapsed-time (sec):           10.6038
 mid-throughput (num-reads/sec):   968.297M
 mid-throughput (num-writes/sec):  18.9862M
 mid-throughput (est-FLOPS):       1.15816G
 mid-throughput (num-points/sec):  18.9862M
──────────────────────────────────────────────────────────────────────
Notes:
 The 50th-percentile trial is the same as the median trial
  when there is an odd number of trials. When there is an even
  number of trials, the nearest-rank method is used. An odd
  number of trials is recommended.
 Num-reads/sec, num-writes/sec, and FLOPS are metrics based on
  stencil specifications and can vary due to differences in
  implementations and optimizations.
 Num-points/sec is based on overall problem size and is
  a more reliable performance metric, esp. when comparing
  across implementations.

Results NOT VERIFIED.
Stencil 'iso3dfd'.
YASK DONE.
──────────────────────────────────────────────────────────────────────
===================
' bin/yask_kernel.iso3dfd.intel64.exe -g 256' ran successfully.
